ERROR - 2022-12-31 00:24:56 --> Unknown column 'deskripsi' in 'field list'
CRITICAL - 2022-12-31 00:24:56 --> Unknown column 'deskripsi' in 'field list'
in SYSTEMPATH\Database\MySQLi\Connection.php on line 292.
 1 SYSTEMPATH\Database\MySQLi\Connection.php(292): mysqli->query('INSERT INTO `kegiatan` (`pemandu_id`, `deskripsi`, `image`) VALUES (\'5\', \'Mengunjungi sumatera selatan bersama rombongan ibu ibu PKK Kecamatan Purwadadi\', \'img-20210326-064223-957_2022-12-31_00-24-56.jpg\')', 0)
 2 SYSTEMPATH\Database\BaseConnection.php(695): CodeIgniter\Database\MySQLi\Connection->execute('INSERT INTO `kegiatan` (`pemandu_id`, `deskripsi`, `image`) VALUES (\'5\', \'Mengunjungi sumatera selatan bersama rombongan ibu ibu PKK Kecamatan Purwadadi\', \'img-20210326-064223-957_2022-12-31_00-24-56.jpg\')')
 3 SYSTEMPATH\Database\BaseConnection.php(609): CodeIgniter\Database\BaseConnection->simpleQuery('INSERT INTO `kegiatan` (`pemandu_id`, `deskripsi`, `image`) VALUES (\'5\', \'Mengunjungi sumatera selatan bersama rombongan ibu ibu PKK Kecamatan Purwadadi\', \'img-20210326-064223-957_2022-12-31_00-24-56.jpg\')')
 4 SYSTEMPATH\Database\BaseBuilder.php(1904): CodeIgniter\Database\BaseConnection->query('INSERT INTO `kegiatan` (`pemandu_id`, `deskripsi`, `image`) VALUES (:pemandu_id:, :deskripsi:, :image:)', [...], false)
 5 SYSTEMPATH\Model.php(278): CodeIgniter\Database\BaseBuilder->insert()
 6 SYSTEMPATH\BaseModel.php(738): CodeIgniter\Model->doInsert([...])
 7 SYSTEMPATH\Model.php(666): CodeIgniter\BaseModel->insert([...], true)
 8 APPPATH\Controllers\Pemandu.php(433): CodeIgniter\Model->insert([...])
 9 SYSTEMPATH\CodeIgniter.php(896): App\Controllers\Pemandu->prosesTambahKegiatan()
10 SYSTEMPATH\CodeIgniter.php(466): CodeIgniter\CodeIgniter->runController(Object(App\Controllers\Pemandu))
11 SYSTEMPATH\CodeIgniter.php(349): CodeIgniter\CodeIgniter->handleRequest(null, Object(Config\Cache), false)
12 FCPATH\index.php(55): CodeIgniter\CodeIgniter->run()
13 SYSTEMPATH\Commands\Server\rewrite.php(43): require_once('FCPATH\\index.php')
ERROR - 2022-12-31 00:29:27 --> Unknown column 'image' in 'field list'
CRITICAL - 2022-12-31 00:29:27 --> Unknown column 'image' in 'field list'
in SYSTEMPATH\Database\MySQLi\Connection.php on line 292.
 1 SYSTEMPATH\Database\MySQLi\Connection.php(292): mysqli->query('INSERT INTO `kegiatan` (`pemandu_id`, `deskripsi`, `image`) VALUES (\'5\', \'Mengunjungi sumatera selatan bersama rombongan ibu ibu PKK Kecamatan Purwadadi\', \'img-20210326-064223-957_2022-12-31_00-29-27.jpg\')', 0)
 2 SYSTEMPATH\Database\BaseConnection.php(695): CodeIgniter\Database\MySQLi\Connection->execute('INSERT INTO `kegiatan` (`pemandu_id`, `deskripsi`, `image`) VALUES (\'5\', \'Mengunjungi sumatera selatan bersama rombongan ibu ibu PKK Kecamatan Purwadadi\', \'img-20210326-064223-957_2022-12-31_00-29-27.jpg\')')
 3 SYSTEMPATH\Database\BaseConnection.php(609): CodeIgniter\Database\BaseConnection->simpleQuery('INSERT INTO `kegiatan` (`pemandu_id`, `deskripsi`, `image`) VALUES (\'5\', \'Mengunjungi sumatera selatan bersama rombongan ibu ibu PKK Kecamatan Purwadadi\', \'img-20210326-064223-957_2022-12-31_00-29-27.jpg\')')
 4 SYSTEMPATH\Database\BaseBuilder.php(1904): CodeIgniter\Database\BaseConnection->query('INSERT INTO `kegiatan` (`pemandu_id`, `deskripsi`, `image`) VALUES (:pemandu_id:, :deskripsi:, :image:)', [...], false)
 5 SYSTEMPATH\Model.php(278): CodeIgniter\Database\BaseBuilder->insert()
 6 SYSTEMPATH\BaseModel.php(738): CodeIgniter\Model->doInsert([...])
 7 SYSTEMPATH\Model.php(666): CodeIgniter\BaseModel->insert([...], true)
 8 APPPATH\Controllers\Pemandu.php(433): CodeIgniter\Model->insert([...])
 9 SYSTEMPATH\CodeIgniter.php(896): App\Controllers\Pemandu->prosesTambahKegiatan()
10 SYSTEMPATH\CodeIgniter.php(466): CodeIgniter\CodeIgniter->runController(Object(App\Controllers\Pemandu))
11 SYSTEMPATH\CodeIgniter.php(349): CodeIgniter\CodeIgniter->handleRequest(null, Object(Config\Cache), false)
12 FCPATH\index.php(55): CodeIgniter\CodeIgniter->run()
13 SYSTEMPATH\Commands\Server\rewrite.php(43): require_once('FCPATH\\index.php')
